app/build/intermediates/manifest_merge_blame_file/debug/processDebugMainManifest/manifest-merger-blame-debug-report.txt
1<?xml version="1.0" encoding="utf-8"?>
2<manifest xmlns:android="http://schemas.android.com/apk/res/android"
3    package="com.bleradar"
4    android:versionCode="1"
5    android:versionName="1.0" >
6
7    <uses-sdk
8        android:minSdkVersion="24"
9        android:targetSdkVersion="34" />
10
11    <uses-permission android:name="android.permission.BLUETOOTH" />
11-->src/main/AndroidManifest.xml:5:5-68
11-->src/main/AndroidManifest.xml:5:22-65
12    <uses-permission android:name="android.permission.BLUETOOTH_ADMIN" />
12-->src/main/AndroidManifest.xml:6:5-74
12-->src/main/AndroidManifest.xml:6:22-71
13    <uses-permission android:name="android.permission.BLUETOOTH_SCAN" />
13-->src/main/AndroidManifest.xml:7:5-73
13-->src/main/AndroidManifest.xml:7:22-70
14    <uses-permission android:name="android.permission.BLUETOOTH_ADVERTISE" />
14-->src/main/AndroidManifest.xml:8:5-78
14-->src/main/AndroidManifest.xml:8:22-75
15    <uses-permission android:name="android.permission.BLUETOOTH_CONNECT" />
15-->src/main/AndroidManifest.xml:9:5-76
15-->src/main/AndroidManifest.xml:9:22-73
16    <uses-permission android:name="android.permission.ACCESS_FINE_LOCATION" />
16-->src/main/AndroidManifest.xml:10:5-79
16-->src/main/AndroidManifest.xml:10:22-76
17    <uses-permission android:name="android.permission.ACCESS_COARSE_LOCATION" />
17-->src/main/AndroidManifest.xml:11:5-81
17-->src/main/AndroidManifest.xml:11:22-78
18    <uses-permission android:name="android.permission.ACCESS_BACKGROUND_LOCATION" />
18-->src/main/AndroidManifest.xml:12:5-85
18-->src/main/AndroidManifest.xml:12:22-82
19    <uses-permission android:name="android.permission.FOREGROUND_SERVICE" />
19-->src/main/AndroidManifest.xml:13:5-77
19-->src/main/AndroidManifest.xml:13:22-74
20    <uses-permission android:name="android.permission.FOREGROUND_SERVICE_DATA_SYNC" />
20-->src/main/AndroidManifest.xml:14:5-87
20-->src/main/AndroidManifest.xml:14:22-84
21    <uses-permission android:name="android.permission.WAKE_LOCK" />
21-->src/main/AndroidManifest.xml:15:5-68
21-->src/main/AndroidManifest.xml:15:22-65
22    <uses-permission android:name="android.permission.INTERNET" />
22-->src/main/AndroidManifest.xml:16:5-67
22-->src/main/AndroidManifest.xml:16:22-64
23    <uses-permission
23-->src/main/AndroidManifest.xml:17:5-108
24        android:name="android.permission.WRITE_EXTERNAL_STORAGE"
24-->src/main/AndroidManifest.xml:17:22-78
25        android:maxSdkVersion="28" />
25-->src/main/AndroidManifest.xml:17:79-105
26    <uses-permission android:name="android.permission.ACCESS_NETWORK_STATE" />
26-->src/main/AndroidManifest.xml:18:5-79
26-->src/main/AndroidManifest.xml:18:22-76
27
28    <uses-feature
28-->src/main/AndroidManifest.xml:20:5-22:35
29        android:name="android.hardware.bluetooth_le"
29-->src/main/AndroidManifest.xml:21:9-53
30        android:required="true" />
30-->src/main/AndroidManifest.xml:22:9-32
31    <uses-feature
31-->src/main/AndroidManifest.xml:23:5-25:35
32        android:name="android.hardware.location"
32-->src/main/AndroidManifest.xml:24:9-49
33        android:required="true" />
33-->src/main/AndroidManifest.xml:25:9-32
34
35    <uses-permission android:name="android.permission.RECEIVE_BOOT_COMPLETED" />
35-->[androidx.work:work-runtime:2.8.1] AndroidManifest.xml:25:5-81
35-->[androidx.work:work-runtime:2.8.1] AndroidManifest.xml:25:22-78
36
37    <permission
37-->[androidx.core:core:1.10.1] AndroidManifest.xml:22:5-24:47
38        android:name="com.bleradar.DYNAMIC_RECEIVER_NOT_EXPORTED_PERMISSION"
38-->[androidx.core:core:1.10.1] AndroidManifest.xml:23:9-81
39        android:protectionLevel="signature" />
39-->[androidx.core:core:1.10.1] AndroidManifest.xml:24:9-44
40
41    <uses-permission android:name="com.bleradar.DYNAMIC_RECEIVER_NOT_EXPORTED_PERMISSION" />
41-->[androidx.core:core:1.10.1] AndroidManifest.xml:26:5-97
41-->[androidx.core:core:1.10.1] AndroidManifest.xml:26:22-94
42
43    <supports-screens
43-->[org.osmdroid:osmdroid-android:6.1.18] AndroidManifest.xml:9:5-12:40
44        android:anyDensity="true"
44-->[org.osmdroid:osmdroid-android:6.1.18] AndroidManifest.xml:10:9-34
45        android:largeScreens="true"
45-->[org.osmdroid:osmdroid-android:6.1.18] AndroidManifest.xml:11:9-36
46        android:normalScreens="true" />
46-->[org.osmdroid:osmdroid-android:6.1.18] AndroidManifest.xml:12:9-37
47
48    <uses-feature
48-->[org.osmdroid:osmdroid-android:6.1.18] AndroidManifest.xml:14:5-16:36
49        android:name="android.hardware.location.network"
49-->[org.osmdroid:osmdroid-android:6.1.18] AndroidManifest.xml:15:9-57
50        android:required="false" />
50-->[org.osmdroid:osmdroid-android:6.1.18] AndroidManifest.xml:16:9-33
51    <uses-feature
51-->[org.osmdroid:osmdroid-android:6.1.18] AndroidManifest.xml:17:5-19:36
52        android:name="android.hardware.location.gps"
52-->[org.osmdroid:osmdroid-android:6.1.18] AndroidManifest.xml:18:9-53
53        android:required="false" />
53-->[org.osmdroid:osmdroid-android:6.1.18] AndroidManifest.xml:19:9-33
54    <uses-feature
54-->[org.osmdroid:osmdroid-android:6.1.18] AndroidManifest.xml:20:5-22:36
55        android:name="android.hardware.telephony"
55-->[org.osmdroid:osmdroid-android:6.1.18] AndroidManifest.xml:21:9-50
56        android:required="false" />
56-->[org.osmdroid:osmdroid-android:6.1.18] AndroidManifest.xml:22:9-33
57    <uses-feature
57-->[org.osmdroid:osmdroid-android:6.1.18] AndroidManifest.xml:23:5-25:36
58        android:name="android.hardware.wifi"
58-->[org.osmdroid:osmdroid-android:6.1.18] AndroidManifest.xml:24:9-45
59        android:required="false" />
59-->[org.osmdroid:osmdroid-android:6.1.18] AndroidManifest.xml:25:9-33
60
61    <application
61-->src/main/AndroidManifest.xml:27:5-61:19
62        android:name="com.bleradar.BleRadarApplication"
62-->src/main/AndroidManifest.xml:28:9-44
63        android:allowBackup="true"
63-->src/main/AndroidManifest.xml:29:9-35
64        android:appComponentFactory="androidx.core.app.CoreComponentFactory"
64-->[androidx.core:core:1.10.1] AndroidManifest.xml:28:18-86
65        android:dataExtractionRules="@xml/data_extraction_rules"
65-->src/main/AndroidManifest.xml:30:9-65
66        android:debuggable="true"
67        android:extractNativeLibs="false"
68        android:fullBackupContent="@xml/backup_rules"
68-->src/main/AndroidManifest.xml:31:9-54
69        android:icon="@mipmap/ic_launcher"
69-->src/main/AndroidManifest.xml:32:9-43
70        android:label="@string/app_name"
70-->src/main/AndroidManifest.xml:33:9-41
71        android:roundIcon="@mipmap/ic_launcher_round"
71-->src/main/AndroidManifest.xml:34:9-54
72        android:supportsRtl="true"
72-->src/main/AndroidManifest.xml:35:9-35
73        android:testOnly="true"
74        android:theme="@style/Theme.BleRadar" >
74-->src/main/AndroidManifest.xml:36:9-46
75        <activity
75-->src/main/AndroidManifest.xml:39:9-48:20
76            android:name="com.bleradar.MainActivity"
76-->src/main/AndroidManifest.xml:40:13-41
77            android:exported="true"
77-->src/main/AndroidManifest.xml:41:13-36
78            android:label="@string/app_name"
78-->src/main/AndroidManifest.xml:42:13-45
79            android:theme="@style/Theme.BleRadar" >
79-->src/main/AndroidManifest.xml:43:13-50
80            <intent-filter>
80-->src/main/AndroidManifest.xml:44:13-47:29
81                <action android:name="android.intent.action.MAIN" />
81-->src/main/AndroidManifest.xml:45:17-69
81-->src/main/AndroidManifest.xml:45:25-66
82
83                <category android:name="android.intent.category.LAUNCHER" />
83-->src/main/AndroidManifest.xml:46:17-77
83-->src/main/AndroidManifest.xml:46:27-74
84            </intent-filter>
85        </activity>
86
87        <service
87-->src/main/AndroidManifest.xml:50:9-54:56
88            android:name="com.bleradar.service.BleRadarService"
88-->src/main/AndroidManifest.xml:51:13-52
89            android:enabled="true"
89-->src/main/AndroidManifest.xml:52:13-35
90            android:exported="false"
90-->src/main/AndroidManifest.xml:53:13-37
91            android:foregroundServiceType="dataSync" />
91-->src/main/AndroidManifest.xml:54:13-53
92
93        <receiver
93-->src/main/AndroidManifest.xml:56:9-59:40
94            android:name="com.bleradar.receiver.PeriodicScanReceiver"
94-->src/main/AndroidManifest.xml:57:13-58
95            android:enabled="true"
95-->src/main/AndroidManifest.xml:58:13-35
96            android:exported="false" />
96-->src/main/AndroidManifest.xml:59:13-37
97
98        <activity
98-->[androidx.compose.ui:ui-test-manifest:1.5.1] AndroidManifest.xml:23:9-25:39
99            android:name="androidx.activity.ComponentActivity"
99-->[androidx.compose.ui:ui-test-manifest:1.5.1] AndroidManifest.xml:24:13-63
100            android:exported="true" />
100-->[androidx.compose.ui:ui-test-manifest:1.5.1] AndroidManifest.xml:25:13-36
101        <activity
101-->[androidx.compose.ui:ui-tooling-android:1.5.1] AndroidManifest.xml:23:9-25:39
102            android:name="androidx.compose.ui.tooling.PreviewActivity"
102-->[androidx.compose.ui:ui-tooling-android:1.5.1] AndroidManifest.xml:24:13-71
103            android:exported="true" />
103-->[androidx.compose.ui:ui-tooling-android:1.5.1] AndroidManifest.xml:25:13-36
104        <activity
104-->[com.google.android.gms:play-services-base:18.1.0] AndroidManifest.xml:20:9-22:45
105            android:name="com.google.android.gms.common.api.GoogleApiActivity"
105-->[com.google.android.gms:play-services-base:18.1.0] AndroidManifest.xml:20:19-85
106            android:exported="false"
106-->[com.google.android.gms:play-services-base:18.1.0] AndroidManifest.xml:22:19-43
107            android:theme="@android:style/Theme.Translucent.NoTitleBar" />
107-->[com.google.android.gms:play-services-base:18.1.0] AndroidManifest.xml:21:19-78
108
109        <meta-data
109-->[com.google.android.gms:play-services-basement:18.1.0] AndroidManifest.xml:21:9-23:69
110            android:name="com.google.android.gms.version"
110-->[com.google.android.gms:play-services-basement:18.1.0] AndroidManifest.xml:22:13-58
111            android:value="@integer/google_play_services_version" />
111-->[com.google.android.gms:play-services-basement:18.1.0] AndroidManifest.xml:23:13-66
112
113        <provider
113-->[androidx.work:work-runtime:2.8.1] AndroidManifest.xml:29:9-37:20
114            android:name="androidx.startup.InitializationProvider"
114-->[androidx.work:work-runtime:2.8.1] AndroidManifest.xml:30:13-67
115            android:authorities="com.bleradar.androidx-startup"
115-->[androidx.work:work-runtime:2.8.1] AndroidManifest.xml:31:13-68
116            android:exported="false" >
116-->[androidx.work:work-runtime:2.8.1] AndroidManifest.xml:32:13-37
117            <meta-data
117-->[androidx.work:work-runtime:2.8.1] AndroidManifest.xml:34:13-36:52
118                android:name="androidx.work.WorkManagerInitializer"
118-->[androidx.work:work-runtime:2.8.1] AndroidManifest.xml:35:17-68
119                android:value="androidx.startup" />
119-->[androidx.work:work-runtime:2.8.1] AndroidManifest.xml:36:17-49
120            <meta-data
120-->[androidx.emoji2:emoji2:1.4.0] AndroidManifest.xml:29:13-31:52
121                android:name="androidx.emoji2.text.EmojiCompatInitializer"
121-->[androidx.emoji2:emoji2:1.4.0] AndroidManifest.xml:30:17-75
122                android:value="androidx.startup" />
122-->[androidx.emoji2:emoji2:1.4.0] AndroidManifest.xml:31:17-49
123            <meta-data
123-->[androidx.lifecycle:lifecycle-process:2.6.2] AndroidManifest.xml:29:13-31:52
124                android:name="androidx.lifecycle.ProcessLifecycleInitializer"
124-->[androidx.lifecycle:lifecycle-process:2.6.2] AndroidManifest.xml:30:17-78
125                android:value="androidx.startup" />
125-->[androidx.lifecycle:lifecycle-process:2.6.2] AndroidManifest.xml:31:17-49
126            <meta-data
126-->[androidx.profileinstaller:profileinstaller:1.3.0] AndroidManifest.xml:29:13-31:52
127                android:name="androidx.profileinstaller.ProfileInstallerInitializer"
127-->[androidx.profileinstaller:profileinstaller:1.3.0] AndroidManifest.xml:30:17-85
128                android:value="androidx.startup" />
128-->[androidx.profileinstaller:profileinstaller:1.3.0] AndroidManifest.xml:31:17-49
129        </provider>
130
131        <service
131-->[androidx.work:work-runtime:2.8.1] AndroidManifest.xml:39:9-45:35
132            android:name="androidx.work.impl.background.systemalarm.SystemAlarmService"
132-->[androidx.work:work-runtime:2.8.1] AndroidManifest.xml:40:13-88
133            android:directBootAware="false"
133-->[androidx.work:work-runtime:2.8.1] AndroidManifest.xml:41:13-44
134            android:enabled="@bool/enable_system_alarm_service_default"
134-->[androidx.work:work-runtime:2.8.1] AndroidManifest.xml:42:13-72
135            android:exported="false" />
135-->[androidx.work:work-runtime:2.8.1] AndroidManifest.xml:43:13-37
136        <service
136-->[androidx.work:work-runtime:2.8.1] AndroidManifest.xml:46:9-52:35
137            android:name="androidx.work.impl.background.systemjob.SystemJobService"
137-->[androidx.work:work-runtime:2.8.1] AndroidManifest.xml:47:13-84
138            android:directBootAware="false"
138-->[androidx.work:work-runtime:2.8.1] AndroidManifest.xml:48:13-44
139            android:enabled="@bool/enable_system_job_service_default"
139-->[androidx.work:work-runtime:2.8.1] AndroidManifest.xml:49:13-70
140            android:exported="true"
140-->[androidx.work:work-runtime:2.8.1] AndroidManifest.xml:50:13-36
141            android:permission="android.permission.BIND_JOB_SERVICE" />
141-->[androidx.work:work-runtime:2.8.1] AndroidManifest.xml:51:13-69
142        <service
142-->[androidx.work:work-runtime:2.8.1] AndroidManifest.xml:53:9-59:35
143            android:name="androidx.work.impl.foreground.SystemForegroundService"
143-->[androidx.work:work-runtime:2.8.1] AndroidManifest.xml:54:13-81
144            android:directBootAware="false"
144-->[androidx.work:work-runtime:2.8.1] AndroidManifest.xml:55:13-44
145            android:enabled="@bool/enable_system_foreground_service_default"
145-->[androidx.work:work-runtime:2.8.1] AndroidManifest.xml:56:13-77
146            android:exported="false" />
146-->[androidx.work:work-runtime:2.8.1] AndroidManifest.xml:57:13-37
147
148        <receiver
148-->[androidx.work:work-runtime:2.8.1] AndroidManifest.xml:61:9-66:35
149            android:name="androidx.work.impl.utils.ForceStopRunnable$BroadcastReceiver"
149-->[androidx.work:work-runtime:2.8.1] AndroidManifest.xml:62:13-88
150            android:directBootAware="false"
150-->[androidx.work:work-runtime:2.8.1] AndroidManifest.xml:63:13-44
151            android:enabled="true"
151-->[androidx.work:work-runtime:2.8.1] AndroidManifest.xml:64:13-35
152            android:exported="false" />
152-->[androidx.work:work-runtime:2.8.1] AndroidManifest.xml:65:13-37
153        <receiver
153-->[androidx.work:work-runtime:2.8.1] AndroidManifest.xml:67:9-77:20
154            android:name="androidx.work.impl.background.systemalarm.ConstraintProxy$BatteryChargingProxy"
154-->[androidx.work:work-runtime:2.8.1] AndroidManifest.xml:68:13-106
155            android:directBootAware="false"
155-->[androidx.work:work-runtime:2.8.1] AndroidManifest.xml:69:13-44
156            android:enabled="false"
156-->[androidx.work:work-runtime:2.8.1] AndroidManifest.xml:70:13-36
157            android:exported="false" >
157-->[androidx.work:work-runtime:2.8.1] AndroidManifest.xml:71:13-37
158            <intent-filter>
158-->[androidx.work:work-runtime:2.8.1] AndroidManifest.xml:73:13-76:29
159                <action android:name="android.intent.action.ACTION_POWER_CONNECTED" />
159-->[androidx.work:work-runtime:2.8.1] AndroidManifest.xml:74:17-87
159-->[androidx.work:work-runtime:2.8.1] AndroidManifest.xml:74:25-84
160                <action android:name="android.intent.action.ACTION_POWER_DISCONNECTED" />
160-->[androidx.work:work-runtime:2.8.1] AndroidManifest.xml:75:17-90
160-->[androidx.work:work-runtime:2.8.1] AndroidManifest.xml:75:25-87
161            </intent-filter>
162        </receiver>
163        <receiver
163-->[androidx.work:work-runtime:2.8.1] AndroidManifest.xml:78:9-88:20
164            android:name="androidx.work.impl.background.systemalarm.ConstraintProxy$BatteryNotLowProxy"
164-->[androidx.work:work-runtime:2.8.1] AndroidManifest.xml:79:13-104
165            android:directBootAware="false"
165-->[androidx.work:work-runtime:2.8.1] AndroidManifest.xml:80:13-44
166            android:enabled="false"
166-->[androidx.work:work-runtime:2.8.1] AndroidManifest.xml:81:13-36
167            android:exported="false" >
167-->[androidx.work:work-runtime:2.8.1] AndroidManifest.xml:82:13-37
168            <intent-filter>
168-->[androidx.work:work-runtime:2.8.1] AndroidManifest.xml:84:13-87:29
169                <action android:name="android.intent.action.BATTERY_OKAY" />
169-->[androidx.work:work-runtime:2.8.1] AndroidManifest.xml:85:17-77
169-->[androidx.work:work-runtime:2.8.1] AndroidManifest.xml:85:25-74
170                <action android:name="android.intent.action.BATTERY_LOW" />
170-->[androidx.work:work-runtime:2.8.1] AndroidManifest.xml:86:17-76
170-->[androidx.work:work-runtime:2.8.1] AndroidManifest.xml:86:25-73
171            </intent-filter>
172        </receiver>
173        <receiver
173-->[androidx.work:work-runtime:2.8.1] AndroidManifest.xml:89:9-99:20
174            android:name="androidx.work.impl.background.systemalarm.ConstraintProxy$StorageNotLowProxy"
174-->[androidx.work:work-runtime:2.8.1] AndroidManifest.xml:90:13-104
175            android:directBootAware="false"
175-->[androidx.work:work-runtime:2.8.1] AndroidManifest.xml:91:13-44
176            android:enabled="false"
176-->[androidx.work:work-runtime:2.8.1] AndroidManifest.xml:92:13-36
177            android:exported="false" >
177-->[androidx.work:work-runtime:2.8.1] AndroidManifest.xml:93:13-37
178            <intent-filter>
178-->[androidx.work:work-runtime:2.8.1] AndroidManifest.xml:95:13-98:29
179                <action android:name="android.intent.action.DEVICE_STORAGE_LOW" />
179-->[androidx.work:work-runtime:2.8.1] AndroidManifest.xml:96:17-83
179-->[androidx.work:work-runtime:2.8.1] AndroidManifest.xml:96:25-80
180                <action android:name="android.intent.action.DEVICE_STORAGE_OK" />
180-->[androidx.work:work-runtime:2.8.1] AndroidManifest.xml:97:17-82
180-->[androidx.work:work-runtime:2.8.1] AndroidManifest.xml:97:25-79
181            </intent-filter>
182        </receiver>
183        <receiver
183-->[androidx.work:work-runtime:2.8.1] AndroidManifest.xml:100:9-109:20
184            android:name="androidx.work.impl.background.systemalarm.ConstraintProxy$NetworkStateProxy"
184-->[androidx.work:work-runtime:2.8.1] AndroidManifest.xml:101:13-103
185            android:directBootAware="false"
185-->[androidx.work:work-runtime:2.8.1] AndroidManifest.xml:102:13-44
186            android:enabled="false"
186-->[androidx.work:work-runtime:2.8.1] AndroidManifest.xml:103:13-36
187            android:exported="false" >
187-->[androidx.work:work-runtime:2.8.1] AndroidManifest.xml:104:13-37
188            <intent-filter>
188-->[androidx.work:work-runtime:2.8.1] AndroidManifest.xml:106:13-108:29
189                <action android:name="android.net.conn.CONNECTIVITY_CHANGE" />
189-->[androidx.work:work-runtime:2.8.1] AndroidManifest.xml:107:17-79
189-->[androidx.work:work-runtime:2.8.1] AndroidManifest.xml:107:25-76
190            </intent-filter>
191        </receiver>
192        <receiver
192-->[androidx.work:work-runtime:2.8.1] AndroidManifest.xml:110:9-121:20
193            android:name="androidx.work.impl.background.systemalarm.RescheduleReceiver"
193-->[androidx.work:work-runtime:2.8.1] AndroidManifest.xml:111:13-88
194            android:directBootAware="false"
194-->[androidx.work:work-runtime:2.8.1] AndroidManifest.xml:112:13-44
195            android:enabled="false"
195-->[androidx.work:work-runtime:2.8.1] AndroidManifest.xml:113:13-36
196            android:exported="false" >
196-->[androidx.work:work-runtime:2.8.1] AndroidManifest.xml:114:13-37
197            <intent-filter>
197-->[androidx.work:work-runtime:2.8.1] AndroidManifest.xml:116:13-120:29
198                <action android:name="android.intent.action.BOOT_COMPLETED" />
198-->[androidx.work:work-runtime:2.8.1] AndroidManifest.xml:117:17-79
198-->[androidx.work:work-runtime:2.8.1] AndroidManifest.xml:117:25-76
199                <action android:name="android.intent.action.TIME_SET" />
199-->[androidx.work:work-runtime:2.8.1] AndroidManifest.xml:118:17-73
199-->[androidx.work:work-runtime:2.8.1] AndroidManifest.xml:118:25-70
200                <action android:name="android.intent.action.TIMEZONE_CHANGED" />
200-->[androidx.work:work-runtime:2.8.1] AndroidManifest.xml:119:17-81
200-->[androidx.work:work-runtime:2.8.1] AndroidManifest.xml:119:25-78
201            </intent-filter>
202        </receiver>
203        <receiver
203-->[androidx.work:work-runtime:2.8.1] AndroidManifest.xml:122:9-131:20
204            android:name="androidx.work.impl.background.systemalarm.ConstraintProxyUpdateReceiver"
204-->[androidx.work:work-runtime:2.8.1] AndroidManifest.xml:123:13-99
205            android:directBootAware="false"
205-->[androidx.work:work-runtime:2.8.1] AndroidManifest.xml:124:13-44
206            android:enabled="@bool/enable_system_alarm_service_default"
206-->[androidx.work:work-runtime:2.8.1] AndroidManifest.xml:125:13-72
207            android:exported="false" >
207-->[androidx.work:work-runtime:2.8.1] AndroidManifest.xml:126:13-37
208            <intent-filter>
208-->[androidx.work:work-runtime:2.8.1] AndroidManifest.xml:128:13-130:29
209                <action android:name="androidx.work.impl.background.systemalarm.UpdateProxies" />
209-->[androidx.work:work-runtime:2.8.1] AndroidManifest.xml:129:17-98
209-->[androidx.work:work-runtime:2.8.1] AndroidManifest.xml:129:25-95
210            </intent-filter>
211        </receiver>
212        <receiver
212-->[androidx.work:work-runtime:2.8.1] AndroidManifest.xml:132:9-142:20
213            android:name="androidx.work.impl.diagnostics.DiagnosticsReceiver"
213-->[androidx.work:work-runtime:2.8.1] AndroidManifest.xml:133:13-78
214            android:directBootAware="false"
214-->[androidx.work:work-runtime:2.8.1] AndroidManifest.xml:134:13-44
215            android:enabled="true"
215-->[androidx.work:work-runtime:2.8.1] AndroidManifest.xml:135:13-35
216            android:exported="true"
216-->[androidx.work:work-runtime:2.8.1] AndroidManifest.xml:136:13-36
217            android:permission="android.permission.DUMP" >
217-->[androidx.work:work-runtime:2.8.1] AndroidManifest.xml:137:13-57
218            <intent-filter>
218-->[androidx.work:work-runtime:2.8.1] AndroidManifest.xml:139:13-141:29
219                <action android:name="androidx.work.diagnostics.REQUEST_DIAGNOSTICS" />
219-->[androidx.work:work-runtime:2.8.1] AndroidManifest.xml:140:17-88
219-->[androidx.work:work-runtime:2.8.1] AndroidManifest.xml:140:25-85
220            </intent-filter>
221        </receiver>
222
223        <service
223-->[androidx.room:room-runtime:2.5.2] AndroidManifest.xml:24:9-28:63
224            android:name="androidx.room.MultiInstanceInvalidationService"
224-->[androidx.room:room-runtime:2.5.2] AndroidManifest.xml:25:13-74
225            android:directBootAware="true"
225-->[androidx.room:room-runtime:2.5.2] AndroidManifest.xml:26:13-43
226            android:exported="false" />
226-->[androidx.room:room-runtime:2.5.2] AndroidManifest.xml:27:13-37
227
228        <receiver
228-->[androidx.profileinstaller:profileinstaller:1.3.0] AndroidManifest.xml:34:9-52:20
229            android:name="androidx.profileinstaller.ProfileInstallReceiver"
229-->[androidx.profileinstaller:profileinstaller:1.3.0] AndroidManifest.xml:35:13-76
230            android:directBootAware="false"
230-->[androidx.profileinstaller:profileinstaller:1.3.0] AndroidManifest.xml:36:13-44
231            android:enabled="true"
231-->[androidx.profileinstaller:profileinstaller:1.3.0] AndroidManifest.xml:37:13-35
232            android:exported="true"
232-->[androidx.profileinstaller:profileinstaller:1.3.0] AndroidManifest.xml:38:13-36
233            android:permission="android.permission.DUMP" >
233-->[androidx.profileinstaller:profileinstaller:1.3.0] AndroidManifest.xml:39:13-57
234            <intent-filter>
234-->[androidx.profileinstaller:profileinstaller:1.3.0] AndroidManifest.xml:40:13-42:29
235                <action android:name="androidx.profileinstaller.action.INSTALL_PROFILE" />
235-->[androidx.profileinstaller:profileinstaller:1.3.0] AndroidManifest.xml:41:17-91
235-->[androidx.profileinstaller:profileinstaller:1.3.0] AndroidManifest.xml:41:25-88
236            </intent-filter>
237            <intent-filter>
237-->[androidx.profileinstaller:profileinstaller:1.3.0] AndroidManifest.xml:43:13-45:29
238                <action android:name="androidx.profileinstaller.action.SKIP_FILE" />
238-->[androidx.profileinstaller:profileinstaller:1.3.0] AndroidManifest.xml:44:17-85
238-->[androidx.profileinstaller:profileinstaller:1.3.0] AndroidManifest.xml:44:25-82
239            </intent-filter>
240            <intent-filter>
240-->[androidx.profileinstaller:profileinstaller:1.3.0] AndroidManifest.xml:46:13-48:29
241                <action android:name="androidx.profileinstaller.action.SAVE_PROFILE" />
241-->[androidx.profileinstaller:profileinstaller:1.3.0] AndroidManifest.xml:47:17-88
241-->[androidx.profileinstaller:profileinstaller:1.3.0] AndroidManifest.xml:47:25-85
242            </intent-filter>
243            <intent-filter>
243-->[androidx.profileinstaller:profileinstaller:1.3.0] AndroidManifest.xml:49:13-51:29
244                <action android:name="androidx.profileinstaller.action.BENCHMARK_OPERATION" />
244-->[androidx.profileinstaller:profileinstaller:1.3.0] AndroidManifest.xml:50:17-95
244-->[androidx.profileinstaller:profileinstaller:1.3.0] AndroidManifest.xml:50:25-92
245            </intent-filter>
246        </receiver>
247    </application>
248
249</manifest>